[
  {
    "level": "INFO",
    "message": "android.ndkVersion from module build.gradle is not set"
  },
  {
    "level": "INFO",
    "message": "ndk.dir in local.properties is D:\\Android-ndk-r10d"
  },
  {
    "level": "INFO",
    "message": "ANDROID_NDK_HOME environment variable is not set"
  },
  {
    "level": "INFO",
    "message": "sdkFolder is D:\\Android-sdk"
  },
  {
    "level": "INFO",
    "message": "NDK side-by-side folder from sdkFolder D:\\Android-sdk\\ndk does not exist"
  },
  {
    "level": "INFO",
    "message": "Considering D:\\Android-ndk-r10d by ndk.dir"
  },
  {
    "level": "INFO",
    "message": "Considering D:\\Android-sdk\\ndk-bundle in SDK ndk-bundle folder"
  },
  {
    "level": "INFO",
    "message": "Rejected D:\\Android-ndk-r10d by ndk.dir because it contains an unsupported (pre-r11) NDK"
  },
  {
    "level": "ERROR",
    "message": "Location specified by ndk.dir (D:\\Android-ndk-r10d) did not contain a valid NDK and and couldn\u0027t be used"
  },
  {
    "level": "INFO",
    "message": "Using D:\\Android-sdk\\ndk-bundle which is version 21.3.6528147 as fallback but build will fail"
  }
]